binderService/build/intermediates/manifest_merge_blame_file/debug/manifest-merger-blame-debug-report.txt
1<?xml version="1.0" encoding="utf-8"?>
2<manifest xmlns:android="http://schemas.android.com/apk/res/android"
3    package="com.yanguangfu.binder"
4    android:versionCode="1"
5    android:versionName="1.0" >
6
7    <uses-sdk
7-->src\main\AndroidManifest.xml:7:5-73
8        android:minSdkVersion="14"
8-->src\main\AndroidManifest.xml:7:15-40
9        android:targetSdkVersion="22" />
9-->src\main\AndroidManifest.xml:7:41-70
10
11    <application
11-->src\main\AndroidManifest.xml:9:5-25:19
12        android:debuggable="true"
13        android:icon="@drawable/icon"
13-->src\main\AndroidManifest.xml:10:9-38
14        android:label="@string/app_name"
14-->src\main\AndroidManifest.xml:11:9-41
15        android:testOnly="true" >
16        <activity android:name="com.yanguangfu.binder.MainActivity" >
16-->src\main\AndroidManifest.xml:12:9-18:20
16-->src\main\AndroidManifest.xml:12:19-68
17            <intent-filter>
17-->src\main\AndroidManifest.xml:13:13-17:29
18                <action android:name="android.intent.action.MAIN" />
18-->src\main\AndroidManifest.xml:14:17-69
18-->src\main\AndroidManifest.xml:14:25-66
19
20                <category android:name="android.intent.category.LAUNCHER" />
20-->src\main\AndroidManifest.xml:16:17-77
20-->src\main\AndroidManifest.xml:16:27-74
21            </intent-filter>
22        </activity>
23
24        <service android:name="com.yanguangfu.binder.MyService" >
24-->src\main\AndroidManifest.xml:20:9-24:19
24-->src\main\AndroidManifest.xml:20:18-64
25            <intent-filter>
25-->src\main\AndroidManifest.xml:21:13-23:29
26                <action android:name="com.yanguangfu.binder.action.AIDLService" />
26-->src\main\AndroidManifest.xml:22:17-83
26-->src\main\AndroidManifest.xml:22:25-80
27            </intent-filter>
28        </service>
29    </application>
30
31</manifest>